<?xml version="1.0" encoding="utf-8"?><testsuites name="pytest tests"><testsuite name="pytest" errors="0" failures="0" skipped="1" tests="17" time="2.720" timestamp="2026-06-25T20:34:50.834481+00:00" hostname="agent-env-8edfb40a-49d7-451f-966a-aaa7d61f0b9e"><testcase classname="tests.test_design_studio.TestDesignData" name="test_zones_13" time="0.749" /><testcase classname="tests.test_design_studio.TestDesignData" name="test_library_16" time="0.103" /><testcase classname="tests.test_design_studio.TestScenarioCRUD" name="test_create_scenario_persists" time="0.896" /><testcase classname="tests.test_design_studio.TestDesignData" name="test_library_filter_category" time="0.061" /><testcase classname="tests.test_design_studio.TestScenarioCRUD" name="test_favorite_patch" time="0.101" /><testcase classname="tests.test_design_studio.TestDesignData" name="test_library_filter_tone_warm" time="0.056" /><testcase classname="tests.test_design_studio.TestDesignData" name="test_library_filter_price_tier" time="0.051" /><testcase classname="tests.test_design_studio.TestScenarioCRUD" name="test_delete_scenario" time="0.096" /><testcase classname="tests.test_design_studio.TestDesignData" name="test_recommendations_6" time="0.061" /><testcase classname="tests.test_design_studio.TestDesignData" name="test_property_base" time="0.104" /><testcase classname="tests.test_design_studio.TestScenarioCRUD" name="test_cannot_delete_preset" time="0.137" /><testcase classname="tests.test_design_studio.TestDesignData" name="test_preset_scenarios_6" time="0.142" /><testcase classname="tests.test_design_studio.TestScenarioCRUD" name="test_patch_unknown_scenario_404" time="0.102" /><testcase classname="tests.test_design_studio.TestDesignAuth" name="test_zones_requires_auth" time="0.132" /><testcase classname="tests.test_design_studio.TestDesignRender" name="test_render_returns_url" time="0.001"><skipped type="pytest.skip" message="Skip live Gemini render unless RUN_RENDER_TEST=1">/app/backend/tests/test_design_studio.py:204: Skip live Gemini render unless RUN_RENDER_TEST=1</skipped></testcase><testcase classname="tests.test_design_studio.TestScenarioRequestQuote" name="test_request_quote_from_preset" time="0.685" /><testcase classname="tests.test_design_studio.TestScenarioRequestQuote" name="test_contractor_cannot_request_design_quote" time="0.165" /></testsuite></testsuites>