<?xml version="1.0" encoding="utf-8"?><testsuites name="pytest tests"><testsuite name="pytest" errors="0" failures="0" skipped="0" tests="29" time="4.736" timestamp="2026-06-25T19:34:33.881542+00:00" hostname="agent-env-8edfb40a-49d7-451f-966a-aaa7d61f0b9e"><testcase classname="tests.test_backend.TestAuth" name="test_login_homeowner" time="0.637" /><testcase classname="tests.test_backend.TestProperty" name="test_properties_list" time="0.636" /><testcase classname="tests.test_backend.TestAuth" name="test_login_contractor" time="0.386" /><testcase classname="tests.test_backend.TestProperty" name="test_analytics" time="0.118" /><testcase classname="tests.test_backend.TestProperty" name="test_assets_5" time="0.289" /><testcase classname="tests.test_backend.TestAuth" name="test_login_executive" time="0.360" /><testcase classname="tests.test_backend.TestProperty" name="test_findings_8" time="0.062" /><testcase classname="tests.test_backend.TestProperty" name="test_maintenance" time="0.279" /><testcase classname="tests.test_backend.TestAuth" name="test_login_invalid" time="0.377" /><testcase classname="tests.test_backend.TestProperty" name="test_insights" time="0.060" /><testcase classname="tests.test_backend.TestProperty" name="test_documents_3" time="0.055" /><testcase classname="tests.test_backend.TestProperty" name="test_reports_3" time="0.260" /><testcase classname="tests.test_backend.TestQuotes" name="test_homeowner_create_quote" time="0.322" /><testcase classname="tests.test_backend.TestQuotes" name="test_quotes_list" time="0.057" /><testcase classname="tests.test_backend.TestAuth" name="test_me_via_cookie" time="0.408" /><testcase classname="tests.test_backend.TestAuth" name="test_me_unauth" time="0.346" /><testcase classname="tests.test_backend.TestAuth" name="test_logout_clears_cookie" time="0.534" /><testcase classname="tests.test_backend.TestQuotes" name="test_contractor_cannot_create_quote" time="0.454" /><testcase classname="tests.test_backend.TestQuotes" name="test_homeowner_cannot_respond" time="0.310" /><testcase classname="tests.test_backend.TestQuotes" name="test_contractor_respond" time="0.107" /><testcase classname="tests.test_backend.TestCore" name="test_status" time="0.062" /><testcase classname="tests.test_backend.TestContractors" name="test_list_contractors" time="0.049" /><testcase classname="tests.test_backend.TestContractors" name="test_contractor_detail_has_reviews_and_scorecard" time="0.315" /><testcase classname="tests.test_backend.TestCore" name="test_executive_publish" time="0.669" /><testcase classname="tests.test_backend.TestContractors" name="test_contractor_upsert" time="0.377" /><testcase classname="tests.test_backend.TestCore" name="test_homeowner_cannot_publish" time="0.116" /><testcase classname="tests.test_backend.TestContractors" name="test_homeowner_add_review" time="0.185" /><testcase classname="tests.test_backend.TestMarketplace" name="test_contractor_leads" time="0.053" /><testcase classname="tests.test_backend.TestMarketplace" name="test_homeowner_cannot_view_leads" time="0.279" /></testsuite></testsuites>